<?xml version="1.0" encoding="UTF-8"?>
<testsuite xmlns:xsi="http://www.w3.org/2001/XMLSchema-instance" xsi:noNamespaceSchemaLocation="https://maven.apache.org/surefire/maven-surefire-plugin/xsd/surefire-test-report-3.0.xsd" version="3.0" name="MainTest" time="0.444" tests="6" errors="0" skipped="0" failures="0">
  <properties>
    <property name="gopherProxySet" value="false"/>
    <property name="awt.toolkit" value="sun.lwawt.macosx.LWCToolkit"/>
    <property name="java.specification.version" value="11"/>
    <property name="sun.cpu.isalist" value=""/>
    <property name="sun.jnu.encoding" value="UTF-8"/>
    <property name="java.class.path" value="/Users/maciejwachowski/Desktop/repozytorium/MavenTest/target/test-classes:/Users/maciejwachowski/Desktop/repozytorium/MavenTest/target/classes:/Users/maciejwachowski/.m2/repository/junit/junit/4.11/junit-4.11.jar:/Users/maciejwachowski/.m2/repository/org/hamcrest/hamcrest-core/1.3/hamcrest-core-1.3.jar:/Users/maciejwachowski/.m2/repository/org/testng/testng/6.14.3/testng-6.14.3.jar:/Users/maciejwachowski/.m2/repository/com/beust/jcommander/1.72/jcommander-1.72.jar:/Users/maciejwachowski/.m2/repository/org/apache-extras/beanshell/bsh/2.0b6/bsh-2.0b6.jar:"/>
    <property name="java.vm.vendor" value="AdoptOpenJDK"/>
    <property name="sun.arch.data.model" value="64"/>
    <property name="java.vendor.url" value="https://adoptopenjdk.net/"/>
    <property name="user.timezone" value="Europe/Warsaw"/>
    <property name="java.vm.specification.version" value="11"/>
    <property name="os.name" value="Mac OS X"/>
    <property name="sun.java.launcher" value="SUN_STANDARD"/>
    <property name="user.country" value="PL"/>
    <property name="sun.boot.library.path" value="/Library/Java/JavaVirtualMachines/adoptopenjdk-11.jdk/Contents/Home/lib"/>
    <property name="sun.java.command" value="/Users/maciejwachowski/Desktop/repozytorium/MavenTest/target/surefire/surefirebooter313485163875928679.jar /Users/maciejwachowski/Desktop/repozytorium/MavenTest/target/surefire 2020-12-01T12-39-47_270-jvmRun1 surefire10896208887646852416tmp surefire_015494159625831248846tmp"/>
    <property name="http.nonProxyHosts" value="local|*.local|169.254/16|*.169.254/16"/>
    <property name="jdk.debug" value="release"/>
    <property name="surefire.test.class.path" value="/Users/maciejwachowski/Desktop/repozytorium/MavenTest/target/test-classes:/Users/maciejwachowski/Desktop/repozytorium/MavenTest/target/classes:/Users/maciejwachowski/.m2/repository/junit/junit/4.11/junit-4.11.jar:/Users/maciejwachowski/.m2/repository/org/hamcrest/hamcrest-core/1.3/hamcrest-core-1.3.jar:/Users/maciejwachowski/.m2/repository/org/testng/testng/6.14.3/testng-6.14.3.jar:/Users/maciejwachowski/.m2/repository/com/beust/jcommander/1.72/jcommander-1.72.jar:/Users/maciejwachowski/.m2/repository/org/apache-extras/beanshell/bsh/2.0b6/bsh-2.0b6.jar:"/>
    <property name="sun.cpu.endian" value="little"/>
    <property name="user.home" value="/Users/maciejwachowski"/>
    <property name="user.language" value="pl"/>
    <property name="java.specification.vendor" value="Oracle Corporation"/>
    <property name="java.version.date" value="2020-01-14"/>
    <property name="java.home" value="/Library/Java/JavaVirtualMachines/adoptopenjdk-11.jdk/Contents/Home"/>
    <property name="file.separator" value="/"/>
    <property name="basedir" value="/Users/maciejwachowski/Desktop/repozytorium/MavenTest"/>
    <property name="java.vm.compressedOopsMode" value="Zero based"/>
    <property name="line.separator" value="&#10;"/>
    <property name="java.specification.name" value="Java Platform API Specification"/>
    <property name="java.vm.specification.vendor" value="Oracle Corporation"/>
    <property name="java.awt.graphicsenv" value="sun.awt.CGraphicsEnvironment"/>
    <property name="surefire.real.class.path" value="/Users/maciejwachowski/Desktop/repozytorium/MavenTest/target/surefire/surefirebooter313485163875928679.jar"/>
    <property name="sun.management.compiler" value="HotSpot 64-Bit Tiered Compilers"/>
    <property name="ftp.nonProxyHosts" value="local|*.local|169.254/16|*.169.254/16"/>
    <property name="java.runtime.version" value="11.0.6+10"/>
    <property name="user.name" value="maciejwachowski"/>
    <property name="path.separator" value=":"/>
    <property name="os.version" value="10.16"/>
    <property name="java.runtime.name" value="OpenJDK Runtime Environment"/>
    <property name="file.encoding" value="UTF-8"/>
    <property name="java.vm.name" value="OpenJDK 64-Bit Server VM"/>
    <property name="java.vendor.version" value="AdoptOpenJDK"/>
    <property name="localRepository" value="/Users/maciejwachowski/.m2/repository"/>
    <property name="java.vendor.url.bug" value="https://github.com/AdoptOpenJDK/openjdk-support/issues"/>
    <property name="java.io.tmpdir" value="/var/folders/xf/99nz1t9s3czfsv557qbkc1900000gn/T/"/>
    <property name="idea.version" value="2020.2.3"/>
    <property name="java.version" value="11.0.6"/>
    <property name="user.dir" value="/Users/maciejwachowski/Desktop/repozytorium/MavenTest"/>
    <property name="os.arch" value="x86_64"/>
    <property name="java.vm.specification.name" value="Java Virtual Machine Specification"/>
    <property name="java.awt.printerjob" value="sun.lwawt.macosx.CPrinterJob"/>
    <property name="sun.os.patch.level" value="unknown"/>
    <property name="java.library.path" value="/Users/maciejwachowski/Library/Java/Extensions:/Library/Java/Extensions:/Network/Library/Java/Extensions:/System/Library/Java/Extensions:/usr/lib/java:."/>
    <property name="java.vendor" value="AdoptOpenJDK"/>
    <property name="java.vm.info" value="mixed mode"/>
    <property name="java.vm.version" value="11.0.6+10"/>
    <property name="sun.io.unicode.encoding" value="UnicodeBig"/>
    <property name="java.class.version" value="55.0"/>
    <property name="socksNonProxyHosts" value="local|*.local|169.254/16|*.169.254/16"/>
  </properties>
  <testcase name="divideTest on divideTest(MainTest)" classname="MainTest" time="0.002"/>
  <testcase name="addTest on addTest(MainTest)" classname="MainTest" time="0"/>
  <testcase name="rootTest on rootTest(MainTest)" classname="MainTest" time="0"/>
  <testcase name="multiplyTest on multiplyTest(MainTest)" classname="MainTest" time="0"/>
  <testcase name="subtractTest on subtractTest(MainTest)" classname="MainTest" time="0"/>
  <testcase name="powerTest on powerTest(MainTest)" classname="MainTest" time="0"/>
</testsuite>